12, 22, 2012 (10:37:16): Opening rpy file D:\Share\Properties\PredefinedTypes.sbs
12, 22, 2012 (10:37:16): 
 Started loading D:\Share\Properties\PredefinedTypes.sbs on Saturday, December 22, 2012 (10:37:16).-

12, 22, 2012 (10:37:16): 

Starting inUnit resolution phase


12, 22, 2012 (10:37:16): 

Finished inUnit resolution phase


12, 22, 2012 (10:37:16): 
 Finished loading D:\Share\Properties\PredefinedTypes.sbs on Saturday, December 22, 2012 (10:37:16).-

12, 22, 2012 (10:37:16): Opening rpy file D:\Share\Properties\PredefinedTypesC++.sbs
12, 22, 2012 (10:37:16): 
 Started loading D:\Share\Properties\PredefinedTypesC++.sbs on Saturday, December 22, 2012 (10:37:16).-

12, 22, 2012 (10:37:16): 

Starting inUnit resolution phase


12, 22, 2012 (10:37:16): 

Finished inUnit resolution phase


12, 22, 2012 (10:37:16): 
 Finished loading D:\Share\Properties\PredefinedTypesC++.sbs on Saturday, December 22, 2012 (10:37:16).-

12, 22, 2012 (10:37:16): Opening rpy file C:\Users\LENOVO\Documents\GitHub\Proj\Proj.rpy
12, 22, 2012 (10:37:16): 
 Started loading C:\Users\LENOVO\Documents\GitHub\Proj\Proj.rpy on Saturday, December 22, 2012 (10:37:16).-

12, 22, 2012 (10:37:16): Opening rpy file C:\Users\LENOVO\Documents\GitHub\Proj\Proj_rpy\Default.sbs
12, 22, 2012 (10:37:16): 
 Started loading C:\Users\LENOVO\Documents\GitHub\Proj\Proj_rpy\Default.sbs on Saturday, December 22, 2012 (10:37:16).-

12, 22, 2012 (10:37:16): 

Starting inUnit resolution phase


12, 22, 2012 (10:37:16): 

Finished inUnit resolution phase


12, 22, 2012 (10:37:16): 
 Finished loading C:\Users\LENOVO\Documents\GitHub\Proj\Proj_rpy\Default.sbs on Saturday, December 22, 2012 (10:37:16).-

12, 22, 2012 (10:37:16): Opening rpy file C:\Users\LENOVO\Documents\GitHub\Proj\Proj_rpy\Activity.sbs
12, 22, 2012 (10:37:16): 
 Started loading C:\Users\LENOVO\Documents\GitHub\Proj\Proj_rpy\Activity.sbs on Saturday, December 22, 2012 (10:37:16).-

12, 22, 2012 (10:37:16): 

Starting inUnit resolution phase


12, 22, 2012 (10:37:16): 

Finished inUnit resolution phase


12, 22, 2012 (10:37:16): 
 Finished loading C:\Users\LENOVO\Documents\GitHub\Proj\Proj_rpy\Activity.sbs on Saturday, December 22, 2012 (10:37:16).-

12, 22, 2012 (10:37:16): Opening rpy file C:\Users\LENOVO\Documents\GitHub\Proj\Proj_rpy\DefaultComponent.cmp
12, 22, 2012 (10:37:16): 
 Started loading C:\Users\LENOVO\Documents\GitHub\Proj\Proj_rpy\DefaultComponent.cmp on Saturday, December 22, 2012 (10:37:16).-

12, 22, 2012 (10:37:16): 

Starting inUnit resolution phase


12, 22, 2012 (10:37:16): 

Finished inUnit resolution phase


12, 22, 2012 (10:37:16): 
 Finished loading C:\Users\LENOVO\Documents\GitHub\Proj\Proj_rpy\DefaultComponent.cmp on Saturday, December 22, 2012 (10:37:16).-

12, 22, 2012 (10:37:16): 

Starting inUnit resolution phase


12, 22, 2012 (10:37:16): 

Finished inUnit resolution phase


12, 22, 2012 (10:37:16): 

Starting inUnit resolution phase


12, 22, 2012 (10:37:16): 

Finished inUnit resolution phase


12, 22, 2012 (10:37:16): 

Starting inUnit resolution phase


12, 22, 2012 (10:37:16): 

Finished inUnit resolution phase


12, 22, 2012 (10:37:16): 
 Finished loading C:\Users\LENOVO\Documents\GitHub\Proj\Proj.rpy on Saturday, December 22, 2012 (10:37:16).-

12, 22, 2012 (10:37:16): Starting checks of EventsBaseID conflicts
12, 22, 2012 (10:37:16): Finished checks of EventsBaseID conflicts
12, 22, 2012 (10:37:16): End Log
