12, 21, 2012 (12:59:04): Starting Pre-Save actions

12, 21, 2012 (12:59:04): Starting Dialogs Check/Save
12, 21, 2012 (12:59:04): Finished Dialogs Check/Save
12, 21, 2012 (12:59:04): Starting Controlled Files Resolution
12, 21, 2012 (12:59:04): Finished Controlled Files Resolution
12, 21, 2012 (12:59:04): Finished Pre-Save actions

12, 21, 2012 (12:59:04): Creating C:\Users\LENOVO\Documents\GitHub\Proj\Proj.rpy
12, 21, 2012 (12:59:04): 
Started writing C:\Users\LENOVO\Documents\GitHub\Proj\Proj.rpy on Friday, December 21, 2012 (12:59:04)

12, 21, 2012 (12:59:04): version 8.5.2
12, 21, 2012 (12:59:04): 
Started writing C:\Users\LENOVO\Documents\GitHub\Proj\Proj_rpy\filesTable.dat on Friday, December 21, 2012 (12:59:04)

12, 21, 2012 (12:59:04): Finished writing C:\Users\LENOVO\Documents\GitHub\Proj\Proj_rpy\filesTable.dat on Friday, December 21, 2012 (12:59:04)

12, 21, 2012 (12:59:04): Creating C:\Users\LENOVO\Documents\GitHub\Proj\Proj_rpy\Activity.sbs
12, 21, 2012 (12:59:04): 
Started writing C:\Users\LENOVO\Documents\GitHub\Proj\Proj_rpy\Activity.sbs on Friday, December 21, 2012 (12:59:04)

12, 21, 2012 (12:59:04): version 8.5.2
12, 21, 2012 (12:59:04): Finished writing C:\Users\LENOVO\Documents\GitHub\Proj\Proj_rpy\Activity.sbs on Friday, December 21, 2012 (12:59:04)

12, 21, 2012 (12:59:05): Finished writing C:\Users\LENOVO\Documents\GitHub\Proj\Proj.rpy on Friday, December 21, 2012 (12:59:05)

12, 21, 2012 (12:59:05): End Log
